<?xml version="1.0" encoding="UTF-8"?>
<testng-results ignored="0" total="1" passed="1" failed="0" skipped="0">
  <reporter-output>
  </reporter-output>
  <suite started-at="2023-09-17T12:57:04 IST" name="Default suite" finished-at="2023-09-17T12:57:12 IST" duration-ms="7953">
    <groups>
    </groups>
    <test started-at="2023-09-17T12:57:04 IST" name="Default test" finished-at="2023-09-17T12:57:12 IST" duration-ms="7953">
      <class name="functionality.SwabFun">
        <test-method signature="funality()[pri:0, instance:functionality.SwabFun@4a83a74a]" started-at="2023-09-17T12:57:04 IST" name="funality" finished-at="2023-09-17T12:57:12 IST" duration-ms="7896" status="PASS">
          <reporter-output>
          </reporter-output>
        </test-method> <!-- funality -->
      </class> <!-- functionality.SwabFun -->
    </test> <!-- Default test -->
  </suite> <!-- Default suite -->
</testng-results>
